<?xml version="1.0" encoding="UTF-8"?>
<testsuite name="com.example.restaurant_service.service.FeedbackServiceTest" tests="5" skipped="0" failures="0" errors="0" timestamp="2022-08-22T10:08:36" hostname="DESKTOP-7NEHFQN" time="0.098">
  <properties/>
  <testcase name="contextLoads()" classname="com.example.restaurant_service.service.FeedbackServiceTest" time="0.004"/>
  <testcase name="getFeedbackTextByID()" classname="com.example.restaurant_service.service.FeedbackServiceTest" time="0.018"/>
  <testcase name="getAllByRestaurantID()" classname="com.example.restaurant_service.service.FeedbackServiceTest" time="0.04"/>
  <testcase name="getAverageRatingByRestaurantID()" classname="com.example.restaurant_service.service.FeedbackServiceTest" time="0.017"/>
  <testcase name="changeFeedbackByID()" classname="com.example.restaurant_service.service.FeedbackServiceTest" time="0.018"/>
  <system-out><![CDATA[2022-08-22 15:08:35.996  INFO 4692 --- [    Test worker] .b.t.c.SpringBootTestContextBootstrapper : Neither @ContextConfiguration nor @ContextHierarchy found for test class [com.example.restaurant_service.service.FeedbackServiceTest], using SpringBootContextLoader
2022-08-22 15:08:35.997  INFO 4692 --- [    Test worker] o.s.t.c.support.AbstractContextLoader    : Could not detect default resource locations for test class [com.example.restaurant_service.service.FeedbackServiceTest]: no resource found for suffixes {-context.xml, Context.groovy}.
2022-08-22 15:08:35.999  INFO 4692 --- [    Test worker] .b.t.c.SpringBootTestContextBootstrapper : Loaded default TestExecutionListener class names from location [META-INF/spring.factories]: [org.springframework.boot.test.autoconfigure.restdocs.RestDocsTestExecutionListener, org.springframework.boot.test.autoconfigure.web.client.MockRestServiceServerResetTestExecutionListener, org.springframework.boot.test.autoconfigure.web.servlet.MockMvcPrintOnlyOnFailureTestExecutionListener, org.springframework.boot.test.autoconfigure.web.servlet.WebDriverTestExecutionListener, org.springframework.boot.test.autoconfigure.webservices.client.MockWebServiceServerTestExecutionListener, org.springframework.boot.test.mock.mockito.MockitoTestExecutionListener, org.springframework.boot.test.mock.mockito.ResetMocksTestExecutionListener, org.springframework.test.context.web.ServletTestExecutionListener, org.springframework.test.context.support.DirtiesContextBeforeModesTestExecutionListener, org.springframework.test.context.event.ApplicationEventsTestExecutionListener, org.springframework.test.context.support.DependencyInjectionTestExecutionListener, org.springframework.test.context.support.DirtiesContextTestExecutionListener, org.springframework.test.context.transaction.TransactionalTestExecutionListener, org.springframework.test.context.jdbc.SqlScriptsTestExecutionListener, org.springframework.test.context.event.EventPublishingTestExecutionListener]
2022-08-22 15:08:36.000  INFO 4692 --- [    Test worker] .b.t.c.SpringBootTestContextBootstrapper : Using TestExecutionListeners: [org.springframework.test.context.web.ServletTestExecutionListener@42a940dc, org.springframework.test.context.support.DirtiesContextBeforeModesTestExecutionListener@4619e076, org.springframework.test.context.event.ApplicationEventsTestExecutionListener@26abee34, org.springframework.boot.test.mock.mockito.MockitoTestExecutionListener@74aa29c7, org.springframework.boot.test.autoconfigure.SpringBootDependencyInjectionTestExecutionListener@7c8d382e, org.springframework.test.context.support.DirtiesContextTestExecutionListener@751e7d99, org.springframework.test.context.transaction.TransactionalTestExecutionListener@c3df740, org.springframework.test.context.jdbc.SqlScriptsTestExecutionListener@297c0311, org.springframework.test.context.event.EventPublishingTestExecutionListener@3c251258, org.springframework.boot.test.autoconfigure.restdocs.RestDocsTestExecutionListener@3ad142f0, org.springframework.boot.test.autoconfigure.web.client.MockRestServiceServerResetTestExecutionListener@59b5251d, org.springframework.boot.test.autoconfigure.web.servlet.MockMvcPrintOnlyOnFailureTestExecutionListener@1098c1b1, org.springframework.boot.test.autoconfigure.web.servlet.WebDriverTestExecutionListener@4bba628, org.springframework.boot.test.autoconfigure.webservices.client.MockWebServiceServerTestExecutionListener@344db28d, org.springframework.boot.test.mock.mockito.ResetMocksTestExecutionListener@4420f4d4]
2022-08-22 15:08:36.007 DEBUG 4692 --- [    Test worker] o.s.orm.jpa.JpaTransactionManager        : Creating new transaction with name [org.springframework.data.jpa.repository.support.SimpleJpaRepository.save]: PROPAGATION_REQUIRED,ISOLATION_DEFAULT
2022-08-22 15:08:36.007 DEBUG 4692 --- [    Test worker] o.s.orm.jpa.JpaTransactionManager        : Opened new EntityManager [SessionImpl(1389013464<open>)] for JPA transaction
2022-08-22 15:08:36.008 DEBUG 4692 --- [    Test worker] o.s.orm.jpa.JpaTransactionManager        : Exposing JPA transaction as JDBC [org.springframework.orm.jpa.vendor.HibernateJpaDialect$HibernateConnectionHandle@53e780d7]
2022-08-22 15:08:36.008 DEBUG 4692 --- [    Test worker] org.hibernate.SQL                        : insert into restaurants (id, description, email_address, foundation_date, name, phone_number) values (default, ?, ?, ?, ?, ?)
2022-08-22 15:08:36.009 TRACE 4692 --- [    Test worker] o.h.type.descriptor.sql.BasicBinder      : binding parameter [1] as [VARCHAR] - [null]
2022-08-22 15:08:36.009 TRACE 4692 --- [    Test worker] o.h.type.descriptor.sql.BasicBinder      : binding parameter [2] as [VARCHAR] - [null]
2022-08-22 15:08:36.009 TRACE 4692 --- [    Test worker] o.h.type.descriptor.sql.BasicBinder      : binding parameter [3] as [DATE] - [null]
2022-08-22 15:08:36.009 TRACE 4692 --- [    Test worker] o.h.type.descriptor.sql.BasicBinder      : binding parameter [4] as [VARCHAR] - [testName]
2022-08-22 15:08:36.009 TRACE 4692 --- [    Test worker] o.h.type.descriptor.sql.BasicBinder      : binding parameter [5] as [VARCHAR] - [null]
2022-08-22 15:08:36.010 DEBUG 4692 --- [    Test worker] o.s.orm.jpa.JpaTransactionManager        : Initiating transaction commit
2022-08-22 15:08:36.010 DEBUG 4692 --- [    Test worker] o.s.orm.jpa.JpaTransactionManager        : Committing JPA transaction on EntityManager [SessionImpl(1389013464<open>)]
2022-08-22 15:08:36.011 DEBUG 4692 --- [    Test worker] o.s.orm.jpa.JpaTransactionManager        : Closing JPA EntityManager [SessionImpl(1389013464<open>)] after transaction
2022-08-22 15:08:36.018 DEBUG 4692 --- [    Test worker] o.s.orm.jpa.JpaTransactionManager        : Creating new transaction with name [org.springframework.data.jpa.repository.support.SimpleJpaRepository.findById]: PROPAGATION_REQUIRED,ISOLATION_DEFAULT,readOnly
2022-08-22 15:08:36.019 DEBUG 4692 --- [    Test worker] o.s.orm.jpa.JpaTransactionManager        : Opened new EntityManager [SessionImpl(284671042<open>)] for JPA transaction
2022-08-22 15:08:36.019 DEBUG 4692 --- [    Test worker] o.s.orm.jpa.JpaTransactionManager        : Exposing JPA transaction as JDBC [org.springframework.orm.jpa.vendor.HibernateJpaDialect$HibernateConnectionHandle@37edb7fa]
2022-08-22 15:08:36.030 DEBUG 4692 --- [    Test worker] org.hibernate.SQL                        : select restaurant0_.id as id1_1_0_, restaurant0_.description as descript2_1_0_, restaurant0_.email_address as email_ad3_1_0_, restaurant0_.foundation_date as foundati4_1_0_, restaurant0_.name as name5_1_0_, restaurant0_.phone_number as phone_nu6_1_0_ from restaurants restaurant0_ where restaurant0_.id=?
2022-08-22 15:08:36.031 TRACE 4692 --- [    Test worker] o.h.type.descriptor.sql.BasicBinder      : binding parameter [1] as [BIGINT] - [5]
2022-08-22 15:08:36.046 DEBUG 4692 --- [    Test worker] o.s.orm.jpa.JpaTransactionManager        : Initiating transaction commit
2022-08-22 15:08:36.047 DEBUG 4692 --- [    Test worker] o.s.orm.jpa.JpaTransactionManager        : Committing JPA transaction on EntityManager [SessionImpl(284671042<open>)]
2022-08-22 15:08:36.047 DEBUG 4692 --- [    Test worker] o.s.orm.jpa.JpaTransactionManager        : Closing JPA EntityManager [SessionImpl(284671042<open>)] after transaction
2022-08-22 15:08:36.048 DEBUG 4692 --- [    Test worker] o.s.orm.jpa.JpaTransactionManager        : Creating new transaction with name [org.springframework.data.jpa.repository.support.SimpleJpaRepository.save]: PROPAGATION_REQUIRED,ISOLATION_DEFAULT
2022-08-22 15:08:36.048 DEBUG 4692 --- [    Test worker] o.s.orm.jpa.JpaTransactionManager        : Opened new EntityManager [SessionImpl(935453348<open>)] for JPA transaction
2022-08-22 15:08:36.048 DEBUG 4692 --- [    Test worker] o.s.orm.jpa.JpaTransactionManager        : Exposing JPA transaction as JDBC [org.springframework.orm.jpa.vendor.HibernateJpaDialect$HibernateConnectionHandle@749054a3]
2022-08-22 15:08:36.050 DEBUG 4692 --- [    Test worker] org.hibernate.SQL                        : insert into feedbacks (id, feedback, rating, restaurantid) values (default, ?, ?, ?)
2022-08-22 15:08:36.050 TRACE 4692 --- [    Test worker] o.h.type.descriptor.sql.BasicBinder      : binding parameter [1] as [VARCHAR] - [testFeedback1]
2022-08-22 15:08:36.050 TRACE 4692 --- [    Test worker] o.h.type.descriptor.sql.BasicBinder      : binding parameter [2] as [INTEGER] - [3]
2022-08-22 15:08:36.051 TRACE 4692 --- [    Test worker] o.h.type.descriptor.sql.BasicBinder      : binding parameter [3] as [BIGINT] - [5]
2022-08-22 15:08:36.051 DEBUG 4692 --- [    Test worker] o.s.orm.jpa.JpaTransactionManager        : Initiating transaction commit
2022-08-22 15:08:36.052 DEBUG 4692 --- [    Test worker] o.s.orm.jpa.JpaTransactionManager        : Committing JPA transaction on EntityManager [SessionImpl(935453348<open>)]
2022-08-22 15:08:36.052 DEBUG 4692 --- [    Test worker] o.s.orm.jpa.JpaTransactionManager        : Closing JPA EntityManager [SessionImpl(935453348<open>)] after transaction
2022-08-22 15:08:36.052 DEBUG 4692 --- [    Test worker] o.s.orm.jpa.JpaTransactionManager        : Creating new transaction with name [org.springframework.data.jpa.repository.support.SimpleJpaRepository.findById]: PROPAGATION_REQUIRED,ISOLATION_DEFAULT,readOnly
2022-08-22 15:08:36.052 DEBUG 4692 --- [    Test worker] o.s.orm.jpa.JpaTransactionManager        : Opened new EntityManager [SessionImpl(1015200957<open>)] for JPA transaction
2022-08-22 15:08:36.052 DEBUG 4692 --- [    Test worker] o.s.orm.jpa.JpaTransactionManager        : Exposing JPA transaction as JDBC [org.springframework.orm.jpa.vendor.HibernateJpaDialect$HibernateConnectionHandle@6b0bcea5]
2022-08-22 15:08:36.053 DEBUG 4692 --- [    Test worker] org.hibernate.SQL                        : select restaurant0_.id as id1_1_0_, restaurant0_.description as descript2_1_0_, restaurant0_.email_address as email_ad3_1_0_, restaurant0_.foundation_date as foundati4_1_0_, restaurant0_.name as name5_1_0_, restaurant0_.phone_number as phone_nu6_1_0_ from restaurants restaurant0_ where restaurant0_.id=?
2022-08-22 15:08:36.053 TRACE 4692 --- [    Test worker] o.h.type.descriptor.sql.BasicBinder      : binding parameter [1] as [BIGINT] - [5]
2022-08-22 15:08:36.054 DEBUG 4692 --- [    Test worker] o.s.orm.jpa.JpaTransactionManager        : Initiating transaction commit
2022-08-22 15:08:36.054 DEBUG 4692 --- [    Test worker] o.s.orm.jpa.JpaTransactionManager        : Committing JPA transaction on EntityManager [SessionImpl(1015200957<open>)]
2022-08-22 15:08:36.054 DEBUG 4692 --- [    Test worker] o.s.orm.jpa.JpaTransactionManager        : Closing JPA EntityManager [SessionImpl(1015200957<open>)] after transaction
2022-08-22 15:08:36.054 DEBUG 4692 --- [    Test worker] o.s.orm.jpa.JpaTransactionManager        : Creating new transaction with name [org.springframework.data.jpa.repository.support.SimpleJpaRepository.save]: PROPAGATION_REQUIRED,ISOLATION_DEFAULT
2022-08-22 15:08:36.054 DEBUG 4692 --- [    Test worker] o.s.orm.jpa.JpaTransactionManager        : Opened new EntityManager [SessionImpl(2137734988<open>)] for JPA transaction
2022-08-22 15:08:36.054 DEBUG 4692 --- [    Test worker] o.s.orm.jpa.JpaTransactionManager        : Exposing JPA transaction as JDBC [org.springframework.orm.jpa.vendor.HibernateJpaDialect$HibernateConnectionHandle@6a7db16e]
2022-08-22 15:08:36.055 DEBUG 4692 --- [    Test worker] org.hibernate.SQL                        : insert into feedbacks (id, feedback, rating, restaurantid) values (default, ?, ?, ?)
2022-08-22 15:08:36.055 TRACE 4692 --- [    Test worker] o.h.type.descriptor.sql.BasicBinder      : binding parameter [1] as [VARCHAR] - [testFeedback2]
2022-08-22 15:08:36.055 TRACE 4692 --- [    Test worker] o.h.type.descriptor.sql.BasicBinder      : binding parameter [2] as [INTEGER] - [4]
2022-08-22 15:08:36.055 TRACE 4692 --- [    Test worker] o.h.type.descriptor.sql.BasicBinder      : binding parameter [3] as [BIGINT] - [5]
2022-08-22 15:08:36.056 DEBUG 4692 --- [    Test worker] o.s.orm.jpa.JpaTransactionManager        : Initiating transaction commit
2022-08-22 15:08:36.056 DEBUG 4692 --- [    Test worker] o.s.orm.jpa.JpaTransactionManager        : Committing JPA transaction on EntityManager [SessionImpl(2137734988<open>)]
2022-08-22 15:08:36.056 DEBUG 4692 --- [    Test worker] o.s.orm.jpa.JpaTransactionManager        : Closing JPA EntityManager [SessionImpl(2137734988<open>)] after transaction
2022-08-22 15:08:36.056 DEBUG 4692 --- [    Test worker] o.s.orm.jpa.JpaTransactionManager        : Creating new transaction with name [org.springframework.data.jpa.repository.support.SimpleJpaRepository.findById]: PROPAGATION_REQUIRED,ISOLATION_DEFAULT,readOnly
2022-08-22 15:08:36.056 DEBUG 4692 --- [    Test worker] o.s.orm.jpa.JpaTransactionManager        : Opened new EntityManager [SessionImpl(523329341<open>)] for JPA transaction
2022-08-22 15:08:36.057 DEBUG 4692 --- [    Test worker] o.s.orm.jpa.JpaTransactionManager        : Exposing JPA transaction as JDBC [org.springframework.orm.jpa.vendor.HibernateJpaDialect$HibernateConnectionHandle@54ad9ff9]
2022-08-22 15:08:36.057 DEBUG 4692 --- [    Test worker] org.hibernate.SQL                        : select restaurant0_.id as id1_1_0_, restaurant0_.description as descript2_1_0_, restaurant0_.email_address as email_ad3_1_0_, restaurant0_.foundation_date as foundati4_1_0_, restaurant0_.name as name5_1_0_, restaurant0_.phone_number as phone_nu6_1_0_ from restaurants restaurant0_ where restaurant0_.id=?
2022-08-22 15:08:36.057 TRACE 4692 --- [    Test worker] o.h.type.descriptor.sql.BasicBinder      : binding parameter [1] as [BIGINT] - [5]
2022-08-22 15:08:36.058 DEBUG 4692 --- [    Test worker] o.s.orm.jpa.JpaTransactionManager        : Initiating transaction commit
2022-08-22 15:08:36.059 DEBUG 4692 --- [    Test worker] o.s.orm.jpa.JpaTransactionManager        : Committing JPA transaction on EntityManager [SessionImpl(523329341<open>)]
2022-08-22 15:08:36.059 DEBUG 4692 --- [    Test worker] o.s.orm.jpa.JpaTransactionManager        : Closing JPA EntityManager [SessionImpl(523329341<open>)] after transaction
2022-08-22 15:08:36.059 DEBUG 4692 --- [    Test worker] o.s.orm.jpa.JpaTransactionManager        : Creating new transaction with name [org.springframework.data.jpa.repository.support.SimpleJpaRepository.save]: PROPAGATION_REQUIRED,ISOLATION_DEFAULT
2022-08-22 15:08:36.059 DEBUG 4692 --- [    Test worker] o.s.orm.jpa.JpaTransactionManager        : Opened new EntityManager [SessionImpl(471582980<open>)] for JPA transaction
2022-08-22 15:08:36.059 DEBUG 4692 --- [    Test worker] o.s.orm.jpa.JpaTransactionManager        : Exposing JPA transaction as JDBC [org.springframework.orm.jpa.vendor.HibernateJpaDialect$HibernateConnectionHandle@49afaf65]
2022-08-22 15:08:36.060 DEBUG 4692 --- [    Test worker] org.hibernate.SQL                        : insert into feedbacks (id, feedback, rating, restaurantid) values (default, ?, ?, ?)
2022-08-22 15:08:36.060 TRACE 4692 --- [    Test worker] o.h.type.descriptor.sql.BasicBinder      : binding parameter [1] as [VARCHAR] - [testFeedback3]
2022-08-22 15:08:36.060 TRACE 4692 --- [    Test worker] o.h.type.descriptor.sql.BasicBinder      : binding parameter [2] as [INTEGER] - [5]
2022-08-22 15:08:36.060 TRACE 4692 --- [    Test worker] o.h.type.descriptor.sql.BasicBinder      : binding parameter [3] as [BIGINT] - [5]
2022-08-22 15:08:36.061 DEBUG 4692 --- [    Test worker] o.s.orm.jpa.JpaTransactionManager        : Initiating transaction commit
2022-08-22 15:08:36.061 DEBUG 4692 --- [    Test worker] o.s.orm.jpa.JpaTransactionManager        : Committing JPA transaction on EntityManager [SessionImpl(471582980<open>)]
2022-08-22 15:08:36.061 DEBUG 4692 --- [    Test worker] o.s.orm.jpa.JpaTransactionManager        : Closing JPA EntityManager [SessionImpl(471582980<open>)] after transaction
2022-08-22 15:08:36.071 DEBUG 4692 --- [    Test worker] o.s.orm.jpa.JpaTransactionManager        : Creating new transaction with name [org.springframework.data.jpa.repository.support.SimpleJpaRepository.findById]: PROPAGATION_REQUIRED,ISOLATION_DEFAULT,readOnly
2022-08-22 15:08:36.071 DEBUG 4692 --- [    Test worker] o.s.orm.jpa.JpaTransactionManager        : Opened new EntityManager [SessionImpl(62063625<open>)] for JPA transaction
2022-08-22 15:08:36.072 DEBUG 4692 --- [    Test worker] o.s.orm.jpa.JpaTransactionManager        : Exposing JPA transaction as JDBC [org.springframework.orm.jpa.vendor.HibernateJpaDialect$HibernateConnectionHandle@11885841]
2022-08-22 15:08:36.072 DEBUG 4692 --- [    Test worker] org.hibernate.SQL                        : select feedback0_.id as id1_0_0_, feedback0_.feedback as feedback2_0_0_, feedback0_.rating as rating3_0_0_, feedback0_.restaurantid as restaura4_0_0_ from feedbacks feedback0_ where feedback0_.id=?
2022-08-22 15:08:36.073 TRACE 4692 --- [    Test worker] o.h.type.descriptor.sql.BasicBinder      : binding parameter [1] as [BIGINT] - [7]
2022-08-22 15:08:36.079 DEBUG 4692 --- [    Test worker] o.s.orm.jpa.JpaTransactionManager        : Initiating transaction commit
2022-08-22 15:08:36.079 DEBUG 4692 --- [    Test worker] o.s.orm.jpa.JpaTransactionManager        : Committing JPA transaction on EntityManager [SessionImpl(62063625<open>)]
2022-08-22 15:08:36.079 DEBUG 4692 --- [    Test worker] o.s.orm.jpa.JpaTransactionManager        : Closing JPA EntityManager [SessionImpl(62063625<open>)] after transaction
2022-08-22 15:08:36.090 DEBUG 4692 --- [    Test worker] tor$SharedEntityManagerInvocationHandler : Creating new EntityManager for shared EntityManager invocation
2022-08-22 15:08:36.120 DEBUG 4692 --- [    Test worker] org.hibernate.SQL                        : select feedback0_.id as id1_0_, feedback0_.feedback as feedback2_0_, feedback0_.rating as rating3_0_, feedback0_.restaurantid as restaura4_0_ from feedbacks feedback0_ left outer join restaurants restaurant1_ on feedback0_.restaurantid=restaurant1_.id where restaurant1_.id=?
2022-08-22 15:08:36.120 TRACE 4692 --- [    Test worker] o.h.type.descriptor.sql.BasicBinder      : binding parameter [1] as [BIGINT] - [5]
2022-08-22 15:08:36.129 DEBUG 4692 --- [    Test worker] tor$SharedEntityManagerInvocationHandler : Creating new EntityManager for shared EntityManager invocation
2022-08-22 15:08:36.139 DEBUG 4692 --- [    Test worker] org.hibernate.SQL                        : select avg(cast(feedback0_.rating as double)) as col_0_0_ from feedbacks feedback0_ where feedback0_.restaurantid=?
2022-08-22 15:08:36.140 TRACE 4692 --- [    Test worker] o.h.type.descriptor.sql.BasicBinder      : binding parameter [1] as [BIGINT] - [5]
2022-08-22 15:08:36.146 DEBUG 4692 --- [    Test worker] o.s.orm.jpa.JpaTransactionManager        : Creating new transaction with name [com.example.restaurant_service.service.impl.FeedbackServiceImpl.changeFeedbackByID]: PROPAGATION_REQUIRED,ISOLATION_DEFAULT
2022-08-22 15:08:36.146 DEBUG 4692 --- [    Test worker] o.s.orm.jpa.JpaTransactionManager        : Opened new EntityManager [SessionImpl(1094083469<open>)] for JPA transaction
2022-08-22 15:08:36.146 DEBUG 4692 --- [    Test worker] o.s.orm.jpa.JpaTransactionManager        : Exposing JPA transaction as JDBC [org.springframework.orm.jpa.vendor.HibernateJpaDialect$HibernateConnectionHandle@37acf9b1]
2022-08-22 15:08:36.146 DEBUG 4692 --- [    Test worker] o.s.orm.jpa.JpaTransactionManager        : Found thread-bound EntityManager [SessionImpl(1094083469<open>)] for JPA transaction
2022-08-22 15:08:36.146 DEBUG 4692 --- [    Test worker] o.s.orm.jpa.JpaTransactionManager        : Participating in existing transaction
2022-08-22 15:08:36.147 DEBUG 4692 --- [    Test worker] org.hibernate.SQL                        : select feedback0_.id as id1_0_0_, feedback0_.feedback as feedback2_0_0_, feedback0_.rating as rating3_0_0_, feedback0_.restaurantid as restaura4_0_0_ from feedbacks feedback0_ where feedback0_.id=?
2022-08-22 15:08:36.147 TRACE 4692 --- [    Test worker] o.h.type.descriptor.sql.BasicBinder      : binding parameter [1] as [BIGINT] - [7]
2022-08-22 15:08:36.148 DEBUG 4692 --- [    Test worker] o.s.orm.jpa.JpaTransactionManager        : Found thread-bound EntityManager [SessionImpl(1094083469<open>)] for JPA transaction
2022-08-22 15:08:36.148 DEBUG 4692 --- [    Test worker] o.s.orm.jpa.JpaTransactionManager        : Participating in existing transaction
2022-08-22 15:08:36.151 DEBUG 4692 --- [    Test worker] o.s.orm.jpa.JpaTransactionManager        : Initiating transaction commit
2022-08-22 15:08:36.151 DEBUG 4692 --- [    Test worker] o.s.orm.jpa.JpaTransactionManager        : Committing JPA transaction on EntityManager [SessionImpl(1094083469<open>)]
2022-08-22 15:08:36.156 DEBUG 4692 --- [    Test worker] org.hibernate.SQL                        : update feedbacks set feedback=?, rating=?, restaurantid=? where id=?
2022-08-22 15:08:36.157 TRACE 4692 --- [    Test worker] o.h.type.descriptor.sql.BasicBinder      : binding parameter [1] as [VARCHAR] - [qqq]
2022-08-22 15:08:36.157 TRACE 4692 --- [    Test worker] o.h.type.descriptor.sql.BasicBinder      : binding parameter [2] as [INTEGER] - [3]
2022-08-22 15:08:36.157 TRACE 4692 --- [    Test worker] o.h.type.descriptor.sql.BasicBinder      : binding parameter [3] as [BIGINT] - [5]
2022-08-22 15:08:36.157 TRACE 4692 --- [    Test worker] o.h.type.descriptor.sql.BasicBinder      : binding parameter [4] as [BIGINT] - [7]
2022-08-22 15:08:36.158 DEBUG 4692 --- [    Test worker] o.s.orm.jpa.JpaTransactionManager        : Closing JPA EntityManager [SessionImpl(1094083469<open>)] after transaction
2022-08-22 15:08:36.159 DEBUG 4692 --- [    Test worker] o.s.orm.jpa.JpaTransactionManager        : Creating new transaction with name [org.springframework.data.jpa.repository.support.SimpleJpaRepository.findById]: PROPAGATION_REQUIRED,ISOLATION_DEFAULT,readOnly
2022-08-22 15:08:36.159 DEBUG 4692 --- [    Test worker] o.s.orm.jpa.JpaTransactionManager        : Opened new EntityManager [SessionImpl(135669546<open>)] for JPA transaction
2022-08-22 15:08:36.159 DEBUG 4692 --- [    Test worker] o.s.orm.jpa.JpaTransactionManager        : Exposing JPA transaction as JDBC [org.springframework.orm.jpa.vendor.HibernateJpaDialect$HibernateConnectionHandle@65a86de0]
2022-08-22 15:08:36.159 DEBUG 4692 --- [    Test worker] org.hibernate.SQL                        : select feedback0_.id as id1_0_0_, feedback0_.feedback as feedback2_0_0_, feedback0_.rating as rating3_0_0_, feedback0_.restaurantid as restaura4_0_0_ from feedbacks feedback0_ where feedback0_.id=?
2022-08-22 15:08:36.160 TRACE 4692 --- [    Test worker] o.h.type.descriptor.sql.BasicBinder      : binding parameter [1] as [BIGINT] - [7]
2022-08-22 15:08:36.160 DEBUG 4692 --- [    Test worker] o.s.orm.jpa.JpaTransactionManager        : Initiating transaction commit
2022-08-22 15:08:36.160 DEBUG 4692 --- [    Test worker] o.s.orm.jpa.JpaTransactionManager        : Committing JPA transaction on EntityManager [SessionImpl(135669546<open>)]
2022-08-22 15:08:36.160 DEBUG 4692 --- [    Test worker] o.s.orm.jpa.JpaTransactionManager        : Closing JPA EntityManager [SessionImpl(135669546<open>)] after transaction
]]></system-out>
  <system-err><![CDATA[]]></system-err>
</testsuite>
