<?xml version="1.0" encoding="UTF-8"?>
<testsuite name="com.example.restaurant_service.service.RestaurantServiceTest" tests="4" skipped="0" failures="0" errors="0" timestamp="2022-08-22T10:08:36" hostname="DESKTOP-7NEHFQN" time="0.315">
  <properties/>
  <testcase name="contextLoads()" classname="com.example.restaurant_service.service.RestaurantServiceTest" time="0.005"/>
  <testcase name="getRestaurant()" classname="com.example.restaurant_service.service.RestaurantServiceTest" time="0.005"/>
  <testcase name="setFoundationDate()" classname="com.example.restaurant_service.service.RestaurantServiceTest" time="0.276"/>
  <testcase name="getAllRestaurants()" classname="com.example.restaurant_service.service.RestaurantServiceTest" time="0.026"/>
  <system-out><![CDATA[2022-08-22 15:08:36.164  INFO 4692 --- [    Test worker] .b.t.c.SpringBootTestContextBootstrapper : Neither @ContextConfiguration nor @ContextHierarchy found for test class [com.example.restaurant_service.service.RestaurantServiceTest], using SpringBootContextLoader
2022-08-22 15:08:36.164  INFO 4692 --- [    Test worker] o.s.t.c.support.AbstractContextLoader    : Could not detect default resource locations for test class [com.example.restaurant_service.service.RestaurantServiceTest]: no resource found for suffixes {-context.xml, Context.groovy}.
2022-08-22 15:08:36.167  INFO 4692 --- [    Test worker] .b.t.c.SpringBootTestContextBootstrapper : Loaded default TestExecutionListener class names from location [META-INF/spring.factories]: [org.springframework.boot.test.autoconfigure.restdocs.RestDocsTestExecutionListener, org.springframework.boot.test.autoconfigure.web.client.MockRestServiceServerResetTestExecutionListener, org.springframework.boot.test.autoconfigure.web.servlet.MockMvcPrintOnlyOnFailureTestExecutionListener, org.springframework.boot.test.autoconfigure.web.servlet.WebDriverTestExecutionListener, org.springframework.boot.test.autoconfigure.webservices.client.MockWebServiceServerTestExecutionListener, org.springframework.boot.test.mock.mockito.MockitoTestExecutionListener, org.springframework.boot.test.mock.mockito.ResetMocksTestExecutionListener, org.springframework.test.context.web.ServletTestExecutionListener, org.springframework.test.context.support.DirtiesContextBeforeModesTestExecutionListener, org.springframework.test.context.event.ApplicationEventsTestExecutionListener, org.springframework.test.context.support.DependencyInjectionTestExecutionListener, org.springframework.test.context.support.DirtiesContextTestExecutionListener, org.springframework.test.context.transaction.TransactionalTestExecutionListener, org.springframework.test.context.jdbc.SqlScriptsTestExecutionListener, org.springframework.test.context.event.EventPublishingTestExecutionListener]
2022-08-22 15:08:36.168  INFO 4692 --- [    Test worker] .b.t.c.SpringBootTestContextBootstrapper : Using TestExecutionListeners: [org.springframework.test.context.web.ServletTestExecutionListener@64b7719f, org.springframework.test.context.support.DirtiesContextBeforeModesTestExecutionListener@414b785c, org.springframework.test.context.event.ApplicationEventsTestExecutionListener@4fe0aa21, org.springframework.boot.test.mock.mockito.MockitoTestExecutionListener@7d1f906b, org.springframework.boot.test.autoconfigure.SpringBootDependencyInjectionTestExecutionListener@22fb3dde, org.springframework.test.context.support.DirtiesContextTestExecutionListener@38682845, org.springframework.test.context.transaction.TransactionalTestExecutionListener@72933ccb, org.springframework.test.context.jdbc.SqlScriptsTestExecutionListener@730e663a, org.springframework.test.context.event.EventPublishingTestExecutionListener@8e0b048, org.springframework.boot.test.autoconfigure.restdocs.RestDocsTestExecutionListener@71b38b11, org.springframework.boot.test.autoconfigure.web.client.MockRestServiceServerResetTestExecutionListener@1a2d8488, org.springframework.boot.test.autoconfigure.web.servlet.MockMvcPrintOnlyOnFailureTestExecutionListener@1a120e41, org.springframework.boot.test.autoconfigure.web.servlet.WebDriverTestExecutionListener@17fd9fbb, org.springframework.boot.test.autoconfigure.webservices.client.MockWebServiceServerTestExecutionListener@7a7b6556, org.springframework.boot.test.mock.mockito.ResetMocksTestExecutionListener@c04b755]
2022-08-22 15:08:36.171 DEBUG 4692 --- [    Test worker] o.s.orm.jpa.JpaTransactionManager        : Creating new transaction with name [org.springframework.data.jpa.repository.support.SimpleJpaRepository.save]: PROPAGATION_REQUIRED,ISOLATION_DEFAULT
2022-08-22 15:08:36.171 DEBUG 4692 --- [    Test worker] o.s.orm.jpa.JpaTransactionManager        : Opened new EntityManager [SessionImpl(2106951603<open>)] for JPA transaction
2022-08-22 15:08:36.171 DEBUG 4692 --- [    Test worker] o.s.orm.jpa.JpaTransactionManager        : Exposing JPA transaction as JDBC [org.springframework.orm.jpa.vendor.HibernateJpaDialect$HibernateConnectionHandle@75f2a654]
2022-08-22 15:08:36.171 DEBUG 4692 --- [    Test worker] org.hibernate.SQL                        : insert into restaurants (id, description, email_address, foundation_date, name, phone_number) values (default, ?, ?, ?, ?, ?)
2022-08-22 15:08:36.172 TRACE 4692 --- [    Test worker] o.h.type.descriptor.sql.BasicBinder      : binding parameter [1] as [VARCHAR] - [testDescription]
2022-08-22 15:08:36.172 TRACE 4692 --- [    Test worker] o.h.type.descriptor.sql.BasicBinder      : binding parameter [2] as [VARCHAR] - []
2022-08-22 15:08:36.172 TRACE 4692 --- [    Test worker] o.h.type.descriptor.sql.BasicBinder      : binding parameter [3] as [DATE] - [2022-03-02]
2022-08-22 15:08:36.172 TRACE 4692 --- [    Test worker] o.h.type.descriptor.sql.BasicBinder      : binding parameter [4] as [VARCHAR] - [testName]
2022-08-22 15:08:36.172 TRACE 4692 --- [    Test worker] o.h.type.descriptor.sql.BasicBinder      : binding parameter [5] as [VARCHAR] - [+79991122333]
2022-08-22 15:08:36.173 DEBUG 4692 --- [    Test worker] o.s.orm.jpa.JpaTransactionManager        : Initiating transaction commit
2022-08-22 15:08:36.173 DEBUG 4692 --- [    Test worker] o.s.orm.jpa.JpaTransactionManager        : Committing JPA transaction on EntityManager [SessionImpl(2106951603<open>)]
2022-08-22 15:08:36.173 DEBUG 4692 --- [    Test worker] o.s.orm.jpa.JpaTransactionManager        : Closing JPA EntityManager [SessionImpl(2106951603<open>)] after transaction
2022-08-22 15:08:36.181 DEBUG 4692 --- [    Test worker] o.s.orm.jpa.JpaTransactionManager        : Creating new transaction with name [org.springframework.data.jpa.repository.support.SimpleJpaRepository.findById]: PROPAGATION_REQUIRED,ISOLATION_DEFAULT,readOnly
2022-08-22 15:08:36.181 DEBUG 4692 --- [    Test worker] o.s.orm.jpa.JpaTransactionManager        : Opened new EntityManager [SessionImpl(2037312251<open>)] for JPA transaction
2022-08-22 15:08:36.182 DEBUG 4692 --- [    Test worker] o.s.orm.jpa.JpaTransactionManager        : Exposing JPA transaction as JDBC [org.springframework.orm.jpa.vendor.HibernateJpaDialect$HibernateConnectionHandle@5f9d29c4]
2022-08-22 15:08:36.182 DEBUG 4692 --- [    Test worker] org.hibernate.SQL                        : select restaurant0_.id as id1_1_0_, restaurant0_.description as descript2_1_0_, restaurant0_.email_address as email_ad3_1_0_, restaurant0_.foundation_date as foundati4_1_0_, restaurant0_.name as name5_1_0_, restaurant0_.phone_number as phone_nu6_1_0_ from restaurants restaurant0_ where restaurant0_.id=?
2022-08-22 15:08:36.182 TRACE 4692 --- [    Test worker] o.h.type.descriptor.sql.BasicBinder      : binding parameter [1] as [BIGINT] - [6]
2022-08-22 15:08:36.183 DEBUG 4692 --- [    Test worker] o.s.orm.jpa.JpaTransactionManager        : Initiating transaction commit
2022-08-22 15:08:36.183 DEBUG 4692 --- [    Test worker] o.s.orm.jpa.JpaTransactionManager        : Committing JPA transaction on EntityManager [SessionImpl(2037312251<open>)]
2022-08-22 15:08:36.183 DEBUG 4692 --- [    Test worker] o.s.orm.jpa.JpaTransactionManager        : Closing JPA EntityManager [SessionImpl(2037312251<open>)] after transaction
2022-08-22 15:08:36.405 DEBUG 4692 --- [    Test worker] o.s.orm.jpa.JpaTransactionManager        : Creating new transaction with name [org.springframework.data.jpa.repository.support.SimpleJpaRepository.findById]: PROPAGATION_REQUIRED,ISOLATION_DEFAULT,readOnly
2022-08-22 15:08:36.405 DEBUG 4692 --- [    Test worker] o.s.orm.jpa.JpaTransactionManager        : Opened new EntityManager [SessionImpl(435629586<open>)] for JPA transaction
2022-08-22 15:08:36.406 DEBUG 4692 --- [    Test worker] o.s.orm.jpa.JpaTransactionManager        : Exposing JPA transaction as JDBC [org.springframework.orm.jpa.vendor.HibernateJpaDialect$HibernateConnectionHandle@625ae6d]
2022-08-22 15:08:36.407 DEBUG 4692 --- [    Test worker] org.hibernate.SQL                        : select restaurant0_.id as id1_1_0_, restaurant0_.description as descript2_1_0_, restaurant0_.email_address as email_ad3_1_0_, restaurant0_.foundation_date as foundati4_1_0_, restaurant0_.name as name5_1_0_, restaurant0_.phone_number as phone_nu6_1_0_ from restaurants restaurant0_ where restaurant0_.id=?
2022-08-22 15:08:36.407 TRACE 4692 --- [    Test worker] o.h.type.descriptor.sql.BasicBinder      : binding parameter [1] as [BIGINT] - [6]
2022-08-22 15:08:36.411 DEBUG 4692 --- [    Test worker] o.s.orm.jpa.JpaTransactionManager        : Initiating transaction commit
2022-08-22 15:08:36.412 DEBUG 4692 --- [    Test worker] o.s.orm.jpa.JpaTransactionManager        : Committing JPA transaction on EntityManager [SessionImpl(435629586<open>)]
2022-08-22 15:08:36.412 DEBUG 4692 --- [    Test worker] o.s.orm.jpa.JpaTransactionManager        : Closing JPA EntityManager [SessionImpl(435629586<open>)] after transaction
2022-08-22 15:08:36.413 DEBUG 4692 --- [    Test worker] o.s.orm.jpa.JpaTransactionManager        : Creating new transaction with name [org.springframework.data.jpa.repository.support.SimpleJpaRepository.findById]: PROPAGATION_REQUIRED,ISOLATION_DEFAULT,readOnly
2022-08-22 15:08:36.413 DEBUG 4692 --- [    Test worker] o.s.orm.jpa.JpaTransactionManager        : Opened new EntityManager [SessionImpl(258125447<open>)] for JPA transaction
2022-08-22 15:08:36.414 DEBUG 4692 --- [    Test worker] o.s.orm.jpa.JpaTransactionManager        : Exposing JPA transaction as JDBC [org.springframework.orm.jpa.vendor.HibernateJpaDialect$HibernateConnectionHandle@48e0e779]
2022-08-22 15:08:36.414 DEBUG 4692 --- [    Test worker] org.hibernate.SQL                        : select restaurant0_.id as id1_1_0_, restaurant0_.description as descript2_1_0_, restaurant0_.email_address as email_ad3_1_0_, restaurant0_.foundation_date as foundati4_1_0_, restaurant0_.name as name5_1_0_, restaurant0_.phone_number as phone_nu6_1_0_ from restaurants restaurant0_ where restaurant0_.id=?
2022-08-22 15:08:36.414 TRACE 4692 --- [    Test worker] o.h.type.descriptor.sql.BasicBinder      : binding parameter [1] as [BIGINT] - [6]
2022-08-22 15:08:36.419 DEBUG 4692 --- [    Test worker] o.s.orm.jpa.JpaTransactionManager        : Initiating transaction commit
2022-08-22 15:08:36.419 DEBUG 4692 --- [    Test worker] o.s.orm.jpa.JpaTransactionManager        : Committing JPA transaction on EntityManager [SessionImpl(258125447<open>)]
2022-08-22 15:08:36.420 DEBUG 4692 --- [    Test worker] o.s.orm.jpa.JpaTransactionManager        : Closing JPA EntityManager [SessionImpl(258125447<open>)] after transaction
2022-08-22 15:08:36.421 DEBUG 4692 --- [    Test worker] o.s.orm.jpa.JpaTransactionManager        : Creating new transaction with name [org.springframework.data.jpa.repository.support.SimpleJpaRepository.save]: PROPAGATION_REQUIRED,ISOLATION_DEFAULT
2022-08-22 15:08:36.421 DEBUG 4692 --- [    Test worker] o.s.orm.jpa.JpaTransactionManager        : Opened new EntityManager [SessionImpl(831001107<open>)] for JPA transaction
2022-08-22 15:08:36.422 DEBUG 4692 --- [    Test worker] o.s.orm.jpa.JpaTransactionManager        : Exposing JPA transaction as JDBC [org.springframework.orm.jpa.vendor.HibernateJpaDialect$HibernateConnectionHandle@595626b8]
2022-08-22 15:08:36.437 DEBUG 4692 --- [    Test worker] org.hibernate.SQL                        : select restaurant0_.id as id1_1_0_, restaurant0_.description as descript2_1_0_, restaurant0_.email_address as email_ad3_1_0_, restaurant0_.foundation_date as foundati4_1_0_, restaurant0_.name as name5_1_0_, restaurant0_.phone_number as phone_nu6_1_0_ from restaurants restaurant0_ where restaurant0_.id=?
2022-08-22 15:08:36.438 TRACE 4692 --- [    Test worker] o.h.type.descriptor.sql.BasicBinder      : binding parameter [1] as [BIGINT] - [6]
2022-08-22 15:08:36.443 DEBUG 4692 --- [    Test worker] o.s.orm.jpa.JpaTransactionManager        : Initiating transaction commit
2022-08-22 15:08:36.443 DEBUG 4692 --- [    Test worker] o.s.orm.jpa.JpaTransactionManager        : Committing JPA transaction on EntityManager [SessionImpl(831001107<open>)]
2022-08-22 15:08:36.446 DEBUG 4692 --- [    Test worker] org.hibernate.SQL                        : update restaurants set description=?, email_address=?, foundation_date=?, name=?, phone_number=? where id=?
2022-08-22 15:08:36.447 TRACE 4692 --- [    Test worker] o.h.type.descriptor.sql.BasicBinder      : binding parameter [1] as [VARCHAR] - [testDescription]
2022-08-22 15:08:36.447 TRACE 4692 --- [    Test worker] o.h.type.descriptor.sql.BasicBinder      : binding parameter [2] as [VARCHAR] - []
2022-08-22 15:08:36.447 TRACE 4692 --- [    Test worker] o.h.type.descriptor.sql.BasicBinder      : binding parameter [3] as [DATE] - [2011-02-11]
2022-08-22 15:08:36.448 TRACE 4692 --- [    Test worker] o.h.type.descriptor.sql.BasicBinder      : binding parameter [4] as [VARCHAR] - [testName]
2022-08-22 15:08:36.448 TRACE 4692 --- [    Test worker] o.h.type.descriptor.sql.BasicBinder      : binding parameter [5] as [VARCHAR] - [+79991122333]
2022-08-22 15:08:36.448 TRACE 4692 --- [    Test worker] o.h.type.descriptor.sql.BasicBinder      : binding parameter [6] as [BIGINT] - [6]
2022-08-22 15:08:36.449 DEBUG 4692 --- [    Test worker] o.s.orm.jpa.JpaTransactionManager        : Closing JPA EntityManager [SessionImpl(831001107<open>)] after transaction
2022-08-22 15:08:36.449 DEBUG 4692 --- [    Test worker] o.s.orm.jpa.JpaTransactionManager        : Creating new transaction with name [org.springframework.data.jpa.repository.support.SimpleJpaRepository.findById]: PROPAGATION_REQUIRED,ISOLATION_DEFAULT,readOnly
2022-08-22 15:08:36.449 DEBUG 4692 --- [    Test worker] o.s.orm.jpa.JpaTransactionManager        : Opened new EntityManager [SessionImpl(984387955<open>)] for JPA transaction
2022-08-22 15:08:36.450 DEBUG 4692 --- [    Test worker] o.s.orm.jpa.JpaTransactionManager        : Exposing JPA transaction as JDBC [org.springframework.orm.jpa.vendor.HibernateJpaDialect$HibernateConnectionHandle@18cb7c6]
2022-08-22 15:08:36.450 DEBUG 4692 --- [    Test worker] org.hibernate.SQL                        : select restaurant0_.id as id1_1_0_, restaurant0_.description as descript2_1_0_, restaurant0_.email_address as email_ad3_1_0_, restaurant0_.foundation_date as foundati4_1_0_, restaurant0_.name as name5_1_0_, restaurant0_.phone_number as phone_nu6_1_0_ from restaurants restaurant0_ where restaurant0_.id=?
2022-08-22 15:08:36.450 TRACE 4692 --- [    Test worker] o.h.type.descriptor.sql.BasicBinder      : binding parameter [1] as [BIGINT] - [6]
2022-08-22 15:08:36.456 DEBUG 4692 --- [    Test worker] o.s.orm.jpa.JpaTransactionManager        : Initiating transaction commit
2022-08-22 15:08:36.456 DEBUG 4692 --- [    Test worker] o.s.orm.jpa.JpaTransactionManager        : Committing JPA transaction on EntityManager [SessionImpl(984387955<open>)]
2022-08-22 15:08:36.456 DEBUG 4692 --- [    Test worker] o.s.orm.jpa.JpaTransactionManager        : Closing JPA EntityManager [SessionImpl(984387955<open>)] after transaction
2022-08-22 15:08:36.466 DEBUG 4692 --- [    Test worker] o.s.orm.jpa.JpaTransactionManager        : Creating new transaction with name [org.springframework.data.jpa.repository.support.SimpleJpaRepository.findAll]: PROPAGATION_REQUIRED,ISOLATION_DEFAULT,readOnly
2022-08-22 15:08:36.467 DEBUG 4692 --- [    Test worker] o.s.orm.jpa.JpaTransactionManager        : Opened new EntityManager [SessionImpl(265105422<open>)] for JPA transaction
2022-08-22 15:08:36.467 DEBUG 4692 --- [    Test worker] o.s.orm.jpa.JpaTransactionManager        : Exposing JPA transaction as JDBC [org.springframework.orm.jpa.vendor.HibernateJpaDialect$HibernateConnectionHandle@5e9c6d8a]
2022-08-22 15:08:36.471 DEBUG 4692 --- [    Test worker] org.hibernate.SQL                        : select restaurant0_.id as id1_1_, restaurant0_.description as descript2_1_, restaurant0_.email_address as email_ad3_1_, restaurant0_.foundation_date as foundati4_1_, restaurant0_.name as name5_1_, restaurant0_.phone_number as phone_nu6_1_ from restaurants restaurant0_
2022-08-22 15:08:36.483 DEBUG 4692 --- [    Test worker] o.s.orm.jpa.JpaTransactionManager        : Initiating transaction commit
2022-08-22 15:08:36.483 DEBUG 4692 --- [    Test worker] o.s.orm.jpa.JpaTransactionManager        : Committing JPA transaction on EntityManager [SessionImpl(265105422<open>)]
2022-08-22 15:08:36.485 DEBUG 4692 --- [    Test worker] o.s.orm.jpa.JpaTransactionManager        : Closing JPA EntityManager [SessionImpl(265105422<open>)] after transaction
]]></system-out>
  <system-err><![CDATA[]]></system-err>
</testsuite>
