<?xml version="1.0" encoding="UTF-8"?>
<testsuite name="com.example.restaurant_service.controller.RestaurantControllerTest" tests="2" skipped="0" failures="0" errors="0" timestamp="2022-08-22T10:08:35" hostname="DESKTOP-7NEHFQN" time="0.272">
  <properties/>
  <testcase name="contextLoads()" classname="com.example.restaurant_service.controller.RestaurantControllerTest" time="0.003"/>
  <testcase name="addNewRestaurant()" classname="com.example.restaurant_service.controller.RestaurantControllerTest" time="0.269"/>
  <system-out><![CDATA[2022-08-22 15:08:34.910  INFO 4692 --- [    Test worker] .b.t.c.SpringBootTestContextBootstrapper : Neither @ContextConfiguration nor @ContextHierarchy found for test class [com.example.restaurant_service.controller.RestaurantControllerTest], using SpringBootContextLoader
2022-08-22 15:08:34.911  INFO 4692 --- [    Test worker] o.s.t.c.support.AbstractContextLoader    : Could not detect default resource locations for test class [com.example.restaurant_service.controller.RestaurantControllerTest]: no resource found for suffixes {-context.xml, Context.groovy}.
2022-08-22 15:08:34.921  INFO 4692 --- [    Test worker] .b.t.c.SpringBootTestContextBootstrapper : Loaded default TestExecutionListener class names from location [META-INF/spring.factories]: [org.springframework.boot.test.autoconfigure.restdocs.RestDocsTestExecutionListener, org.springframework.boot.test.autoconfigure.web.client.MockRestServiceServerResetTestExecutionListener, org.springframework.boot.test.autoconfigure.web.servlet.MockMvcPrintOnlyOnFailureTestExecutionListener, org.springframework.boot.test.autoconfigure.web.servlet.WebDriverTestExecutionListener, org.springframework.boot.test.autoconfigure.webservices.client.MockWebServiceServerTestExecutionListener, org.springframework.boot.test.mock.mockito.MockitoTestExecutionListener, org.springframework.boot.test.mock.mockito.ResetMocksTestExecutionListener, org.springframework.test.context.web.ServletTestExecutionListener, org.springframework.test.context.support.DirtiesContextBeforeModesTestExecutionListener, org.springframework.test.context.event.ApplicationEventsTestExecutionListener, org.springframework.test.context.support.DependencyInjectionTestExecutionListener, org.springframework.test.context.support.DirtiesContextTestExecutionListener, org.springframework.test.context.transaction.TransactionalTestExecutionListener, org.springframework.test.context.jdbc.SqlScriptsTestExecutionListener, org.springframework.test.context.event.EventPublishingTestExecutionListener]
2022-08-22 15:08:34.922  INFO 4692 --- [    Test worker] .b.t.c.SpringBootTestContextBootstrapper : Using TestExecutionListeners: [org.springframework.test.context.web.ServletTestExecutionListener@1bff4b1f, org.springframework.test.context.support.DirtiesContextBeforeModesTestExecutionListener@75051d05, org.springframework.test.context.event.ApplicationEventsTestExecutionListener@747b8f5c, org.springframework.boot.test.mock.mockito.MockitoTestExecutionListener@428440f2, org.springframework.boot.test.autoconfigure.SpringBootDependencyInjectionTestExecutionListener@23c24c0e, org.springframework.test.context.support.DirtiesContextTestExecutionListener@7e729046, org.springframework.test.context.transaction.TransactionalTestExecutionListener@565bf1bb, org.springframework.test.context.jdbc.SqlScriptsTestExecutionListener@3638a852, org.springframework.test.context.event.EventPublishingTestExecutionListener@7ab20a7, org.springframework.boot.test.autoconfigure.restdocs.RestDocsTestExecutionListener@6db160b4, org.springframework.boot.test.autoconfigure.web.client.MockRestServiceServerResetTestExecutionListener@64ee9290, org.springframework.boot.test.autoconfigure.web.servlet.MockMvcPrintOnlyOnFailureTestExecutionListener@17e7cc67, org.springframework.boot.test.autoconfigure.web.servlet.WebDriverTestExecutionListener@49976824, org.springframework.boot.test.autoconfigure.webservices.client.MockWebServiceServerTestExecutionListener@2fc51562, org.springframework.boot.test.mock.mockito.ResetMocksTestExecutionListener@3f2f6818]

  .   ____          _            __ _ _
 /\\ / ___'_ __ _ _(_)_ __  __ _ \ \ \ \
( ( )\___ | '_ | '_| | '_ \/ _` | \ \ \ \
 \\/  ___)| |_)| | | | | || (_| |  ) ) ) )
  '  |____| .__|_| |_|_| |_\__, | / / / /
 =========|_|==============|___/=/_/_/_/
 :: Spring Boot ::                (v2.7.2)

2022-08-22 15:08:34.943  INFO 4692 --- [    Test worker] c.e.r.c.RestaurantControllerTest         : Starting RestaurantControllerTest using Java 18.0.2 on DESKTOP-7NEHFQN with PID 4692 (started by asd in C:\Users\Роман\Desktop\new folder)
2022-08-22 15:08:34.944  INFO 4692 --- [    Test worker] c.e.r.c.RestaurantControllerTest         : The following 1 profile is active: "test"
2022-08-22 15:08:35.106  INFO 4692 --- [    Test worker] .s.d.r.c.RepositoryConfigurationDelegate : Bootstrapping Spring Data JPA repositories in DEFAULT mode.
2022-08-22 15:08:35.111  INFO 4692 --- [    Test worker] .s.d.r.c.RepositoryConfigurationDelegate : Finished Spring Data repository scanning in 4 ms. Found 2 JPA repository interfaces.
2022-08-22 15:08:35.210  INFO 4692 --- [    Test worker] liquibase.database                       : Set default schema name to PUBLIC
2022-08-22 15:08:35.214  INFO 4692 --- [    Test worker] liquibase.lockservice                    : Successfully acquired change log lock
2022-08-22 15:08:35.240  INFO 4692 --- [    Test worker] liquibase.changelog                      : Reading from PUBLIC.DATABASECHANGELOG
2022-08-22 15:08:35.256  INFO 4692 --- [    Test worker] liquibase.lockservice                    : Successfully released change log lock
2022-08-22 15:08:35.291 DEBUG 4692 --- [    Test worker] j.LocalContainerEntityManagerFactoryBean : Building JPA container EntityManagerFactory for persistence unit 'default'
2022-08-22 15:08:35.291  INFO 4692 --- [    Test worker] o.hibernate.jpa.internal.util.LogHelper  : HHH000204: Processing PersistenceUnitInfo [name: default]
2022-08-22 15:08:35.296  INFO 4692 --- [    Test worker] org.hibernate.dialect.Dialect            : HHH000400: Using dialect: org.hibernate.dialect.H2Dialect
2022-08-22 15:08:35.325  INFO 4692 --- [    Test worker] o.h.e.t.j.p.i.JtaPlatformInitiator       : HHH000490: Using JtaPlatform implementation: [org.hibernate.engine.transaction.jta.platform.internal.NoJtaPlatform]
2022-08-22 15:08:35.325  INFO 4692 --- [    Test worker] j.LocalContainerEntityManagerFactoryBean : Initialized JPA EntityManagerFactory for persistence unit 'default'
2022-08-22 15:08:35.354 DEBUG 4692 --- [    Test worker] tor$SharedEntityManagerInvocationHandler : Creating new EntityManager for shared EntityManager invocation
2022-08-22 15:08:35.359 DEBUG 4692 --- [    Test worker] tor$SharedEntityManagerInvocationHandler : Creating new EntityManager for shared EntityManager invocation
2022-08-22 15:08:35.369 DEBUG 4692 --- [    Test worker] tor$SharedEntityManagerInvocationHandler : Creating new EntityManager for shared EntityManager invocation
2022-08-22 15:08:35.373 DEBUG 4692 --- [    Test worker] tor$SharedEntityManagerInvocationHandler : Creating new EntityManager for shared EntityManager invocation
2022-08-22 15:08:35.373 DEBUG 4692 --- [    Test worker] tor$SharedEntityManagerInvocationHandler : Creating new EntityManager for shared EntityManager invocation
2022-08-22 15:08:35.381 DEBUG 4692 --- [    Test worker] tor$SharedEntityManagerInvocationHandler : Creating new EntityManager for shared EntityManager invocation
2022-08-22 15:08:35.383 DEBUG 4692 --- [    Test worker] tor$SharedEntityManagerInvocationHandler : Creating new EntityManager for shared EntityManager invocation
2022-08-22 15:08:35.384 DEBUG 4692 --- [    Test worker] tor$SharedEntityManagerInvocationHandler : Creating new EntityManager for shared EntityManager invocation
2022-08-22 15:08:35.469  WARN 4692 --- [    Test worker] JpaBaseConfiguration$JpaWebConfiguration : spring.jpa.open-in-view is enabled by default. Therefore, database queries may be performed during view rendering. Explicitly configure spring.jpa.open-in-view to disable this warning
2022-08-22 15:08:35.712  INFO 4692 --- [    Test worker] o.s.b.t.m.w.SpringBootMockServletContext : Initializing Spring TestDispatcherServlet ''
2022-08-22 15:08:35.712  INFO 4692 --- [    Test worker] o.s.t.web.servlet.TestDispatcherServlet  : Initializing Servlet ''
2022-08-22 15:08:35.713  INFO 4692 --- [    Test worker] o.s.t.web.servlet.TestDispatcherServlet  : Completed initialization in 0 ms
2022-08-22 15:08:35.719  INFO 4692 --- [    Test worker] c.e.r.c.RestaurantControllerTest         : Started RestaurantControllerTest in 0.795 seconds (JVM running for 6.483)
2022-08-22 15:08:35.789 DEBUG 4692 --- [    Test worker] o.j.s.OpenEntityManagerInViewInterceptor : Opening JPA EntityManager in OpenEntityManagerInViewInterceptor
2022-08-22 15:08:35.897 DEBUG 4692 --- [    Test worker] o.s.orm.jpa.JpaTransactionManager        : Found thread-bound EntityManager [SessionImpl(681130615<open>)] for JPA transaction
2022-08-22 15:08:35.897 DEBUG 4692 --- [    Test worker] o.s.orm.jpa.JpaTransactionManager        : Creating new transaction with name [org.springframework.data.jpa.repository.support.SimpleJpaRepository.save]: PROPAGATION_REQUIRED,ISOLATION_DEFAULT
2022-08-22 15:08:35.899 DEBUG 4692 --- [    Test worker] o.s.orm.jpa.JpaTransactionManager        : Exposing JPA transaction as JDBC [org.springframework.orm.jpa.vendor.HibernateJpaDialect$HibernateConnectionHandle@5c1dc4e9]
2022-08-22 15:08:35.924 DEBUG 4692 --- [    Test worker] org.hibernate.SQL                        : insert into restaurants (id, description, email_address, foundation_date, name, phone_number) values (default, ?, ?, ?, ?, ?)
2022-08-22 15:08:35.926 TRACE 4692 --- [    Test worker] o.h.type.descriptor.sql.BasicBinder      : binding parameter [1] as [VARCHAR] - [testDescription]
2022-08-22 15:08:35.926 TRACE 4692 --- [    Test worker] o.h.type.descriptor.sql.BasicBinder      : binding parameter [2] as [VARCHAR] - [asdasd@asd.qw]
2022-08-22 15:08:35.927 TRACE 4692 --- [    Test worker] o.h.type.descriptor.sql.BasicBinder      : binding parameter [3] as [DATE] - [null]
2022-08-22 15:08:35.927 TRACE 4692 --- [    Test worker] o.h.type.descriptor.sql.BasicBinder      : binding parameter [4] as [VARCHAR] - [testName]
2022-08-22 15:08:35.927 TRACE 4692 --- [    Test worker] o.h.type.descriptor.sql.BasicBinder      : binding parameter [5] as [VARCHAR] - [+79128761212]
2022-08-22 15:08:35.935 DEBUG 4692 --- [    Test worker] o.s.orm.jpa.JpaTransactionManager        : Initiating transaction commit
2022-08-22 15:08:35.936 DEBUG 4692 --- [    Test worker] o.s.orm.jpa.JpaTransactionManager        : Committing JPA transaction on EntityManager [SessionImpl(681130615<open>)]
2022-08-22 15:08:35.941 DEBUG 4692 --- [    Test worker] o.s.orm.jpa.JpaTransactionManager        : Not closing pre-bound JPA EntityManager after transaction
2022-08-22 15:08:35.950 DEBUG 4692 --- [    Test worker] o.j.s.OpenEntityManagerInViewInterceptor : Closing JPA EntityManager in OpenEntityManagerInViewInterceptor

MockHttpServletRequest:
      HTTP Method = POST
      Request URI = /restaurants/new
       Parameters = {}
          Headers = [Content-Type:"application/json;charset=UTF-8", Content-Length:"136"]
             Body = {"name":"testName","description":"testDescription","phone_number":"+79128761212","email_address":"asdasd@asd.qw","foundation_date":null}
    Session Attrs = {}

Handler:
             Type = com.example.restaurant_service.controller.RestaurantController
           Method = com.example.restaurant_service.controller.RestaurantController#addNewRestaurant(RestaurantInDto)

Async:
    Async started = false
     Async result = null

Resolved Exception:
             Type = null

ModelAndView:
        View name = null
             View = null
            Model = null

FlashMap:
       Attributes = null

MockHttpServletResponse:
           Status = 200
    Error message = null
          Headers = [Content-Type:"application/json"]
     Content type = application/json
             Body = {"id":4,"name":"testName","description":"testDescription","phone_number":"+79128761212","email_address":"asdasd@asd.qw","foundation_date":null,"feedbacks":null}
    Forwarded URL = null
   Redirected URL = null
          Cookies = []
2022-08-22 15:08:35.967 DEBUG 4692 --- [    Test worker] o.j.s.OpenEntityManagerInViewInterceptor : Opening JPA EntityManager in OpenEntityManagerInViewInterceptor
2022-08-22 15:08:35.976 DEBUG 4692 --- [    Test worker] o.j.s.OpenEntityManagerInViewInterceptor : Closing JPA EntityManager in OpenEntityManagerInViewInterceptor

MockHttpServletRequest:
      HTTP Method = POST
      Request URI = /restaurants/new
       Parameters = {}
          Headers = [Content-Type:"application/json;charset=UTF-8", Content-Length:"94"]
             Body = {"name":"","description":null,"phone_number":null,"email_address":null,"foundation_date":null}
    Session Attrs = {}

Handler:
             Type = com.example.restaurant_service.controller.RestaurantController
           Method = com.example.restaurant_service.controller.RestaurantController#addNewRestaurant(RestaurantInDto)

Async:
    Async started = false
     Async result = null

Resolved Exception:
             Type = org.springframework.web.bind.MethodArgumentNotValidException

ModelAndView:
        View name = null
             View = null
            Model = null

FlashMap:
       Attributes = null

MockHttpServletResponse:
           Status = 400
    Error message = null
          Headers = [Content-Type:"application/json"]
     Content type = application/json
             Body = {"name":"Can not be empty."}
    Forwarded URL = null
   Redirected URL = null
          Cookies = []
2022-08-22 15:08:35.979 DEBUG 4692 --- [    Test worker] o.j.s.OpenEntityManagerInViewInterceptor : Opening JPA EntityManager in OpenEntityManagerInViewInterceptor
2022-08-22 15:08:35.983 DEBUG 4692 --- [    Test worker] o.j.s.OpenEntityManagerInViewInterceptor : Closing JPA EntityManager in OpenEntityManagerInViewInterceptor

MockHttpServletRequest:
      HTTP Method = POST
      Request URI = /restaurants/new
       Parameters = {}
          Headers = [Content-Type:"application/json;charset=UTF-8", Content-Length:"101"]
             Body = {"name":null,"description":null,"phone_number":"trghasd","email_address":null,"foundation_date":null}
    Session Attrs = {}

Handler:
             Type = com.example.restaurant_service.controller.RestaurantController
           Method = com.example.restaurant_service.controller.RestaurantController#addNewRestaurant(RestaurantInDto)

Async:
    Async started = false
     Async result = null

Resolved Exception:
             Type = com.google.i18n.phonenumbers.NumberParseException

ModelAndView:
        View name = null
             View = null
            Model = null

FlashMap:
       Attributes = null

MockHttpServletResponse:
           Status = 400
    Error message = null
          Headers = [Content-Type:"text/plain;charset=UTF-8", Content-Length:"80"]
     Content type = text/plain;charset=UTF-8
             Body = Error type: NOT_A_NUMBER. The string supplied did not seem to be a phone number.
    Forwarded URL = null
   Redirected URL = null
          Cookies = []
2022-08-22 15:08:35.985 DEBUG 4692 --- [    Test worker] o.j.s.OpenEntityManagerInViewInterceptor : Opening JPA EntityManager in OpenEntityManagerInViewInterceptor
2022-08-22 15:08:35.986 DEBUG 4692 --- [    Test worker] o.j.s.OpenEntityManagerInViewInterceptor : Closing JPA EntityManager in OpenEntityManagerInViewInterceptor

MockHttpServletRequest:
      HTTP Method = POST
      Request URI = /restaurants/new
       Parameters = {}
          Headers = [Content-Type:"application/json;charset=UTF-8", Content-Length:"105"]
             Body = {"name":null,"description":null,"phone_number":"+79123871  ","email_address":null,"foundation_date":null}
    Session Attrs = {}

Handler:
             Type = com.example.restaurant_service.controller.RestaurantController
           Method = com.example.restaurant_service.controller.RestaurantController#addNewRestaurant(RestaurantInDto)

Async:
    Async started = false
     Async result = null

Resolved Exception:
             Type = javax.validation.ValidationException

ModelAndView:
        View name = null
             View = null
            Model = null

FlashMap:
       Attributes = null

MockHttpServletResponse:
           Status = 400
    Error message = null
          Headers = [Content-Type:"text/plain;charset=UTF-8", Content-Length:"97"]
     Content type = text/plain;charset=UTF-8
             Body = com.example.restaurant_service.exception.entity.PhoneNumberNotRuException: Number is not russian.
    Forwarded URL = null
   Redirected URL = null
          Cookies = []
2022-08-22 15:08:35.988 DEBUG 4692 --- [    Test worker] o.j.s.OpenEntityManagerInViewInterceptor : Opening JPA EntityManager in OpenEntityManagerInViewInterceptor
2022-08-22 15:08:35.990 DEBUG 4692 --- [    Test worker] o.j.s.OpenEntityManagerInViewInterceptor : Closing JPA EntityManager in OpenEntityManagerInViewInterceptor

MockHttpServletRequest:
      HTTP Method = POST
      Request URI = /restaurants/new
       Parameters = {}
          Headers = [Content-Type:"application/json;charset=UTF-8", Content-Length:"102"]
             Body = {"name":"test","description":null,"phone_number":null,"email_address":"asdasd","foundation_date":null}
    Session Attrs = {}

Handler:
             Type = com.example.restaurant_service.controller.RestaurantController
           Method = com.example.restaurant_service.controller.RestaurantController#addNewRestaurant(RestaurantInDto)

Async:
    Async started = false
     Async result = null

Resolved Exception:
             Type = org.springframework.web.bind.MethodArgumentNotValidException

ModelAndView:
        View name = null
             View = null
            Model = null

FlashMap:
       Attributes = null

MockHttpServletResponse:
           Status = 400
    Error message = null
          Headers = [Content-Type:"application/json"]
     Content type = application/json
             Body = {"email_address":"Incorrect email address."}
    Forwarded URL = null
   Redirected URL = null
          Cookies = []
]]></system-out>
  <system-err><![CDATA[]]></system-err>
</testsuite>
