<?xml version="1.0" encoding="UTF-8"?>
<testsuite name="com.example.restaurant_service.util.UtilTest" tests="4" skipped="0" failures="0" errors="0" timestamp="2022-08-22T10:08:36" hostname="DESKTOP-7NEHFQN" time="0.013">
  <properties/>
  <testcase name="reformatRuTelephoneRemoveNotTelephone()" classname="com.example.restaurant_service.util.UtilTest" time="0.003"/>
  <testcase name="reformatRuTelephoneRemoveWhiteSpaces()" classname="com.example.restaurant_service.util.UtilTest" time="0.002"/>
  <testcase name="validateEmailAddress()" classname="com.example.restaurant_service.util.UtilTest" time="0.003"/>
  <testcase name="reformatRuTelephoneRemoveNotRu()" classname="com.example.restaurant_service.util.UtilTest" time="0.002"/>
  <system-out><![CDATA[]]></system-out>
  <system-err><![CDATA[]]></system-err>
</testsuite>
